[debug] [2018-09-11T17:52:54.900Z] ----------------------------------------------------------------------
[debug] [2018-09-11T17:52:54.900Z] Command:       C:\Program Files\nodejs\node.exe C:\Users\A-A-RON Programming\AppData\Roaming\npm\node_modules\firebase-tools\bin\firebase init
[debug] [2018-09-11T17:52:54.900Z] CLI Version:   4.2.1
[debug] [2018-09-11T17:52:54.900Z] Platform:      win32
[debug] [2018-09-11T17:52:54.900Z] Node Version:  v10.9.0
[debug] [2018-09-11T17:52:54.900Z] Time:          Tue Sep 11 2018 13:52:54 GMT-0400 (Eastern Daylight Time)
[debug] [2018-09-11T17:52:54.900Z] ----------------------------------------------------------------------
[debug] 
[debug] [2018-09-11T17:52:54.931Z] > command requires scopes: ["email","openid","https://www.googleapis.com/auth/cloudplatformprojects.readonly","https://www.googleapis.com/auth/firebase"]
[debug] [2018-09-11T17:52:54.931Z] > authorizing via signed-in user
[info] 
     ######## #### ########  ######## ########     ###     ######  ########
     ##        ##  ##     ## ##       ##     ##  ##   ##  ##       ##
     ######    ##  ########  ######   ########  #########  ######  ######
     ##        ##  ##    ##  ##       ##     ## ##     ##       ## ##
     ##       #### ##     ## ######## ########  ##     ##  ######  ########

You're about to initialize a Firebase project in this directory:

  C:\Users\A-A-RON Programming\Documents\javascriptAugust2018\javascriptLibrary\Projects\Api

[info] 
=== Project Setup
[info] 
[info] First, let's associate this project directory with a Firebase project.
[info] You can create multiple project aliases by running firebase use --add, 
[info] but for now we'll just set up a default project.
[info] 
[debug] [2018-09-11T17:53:54.672Z] > refreshing access token with scopes: ["email","https://www.googleapis.com/auth/cloudplatformprojects.readonly","https://www.googleapis.com/auth/firebase","openid"]
[debug] [2018-09-11T17:53:54.672Z] >>> HTTP REQUEST POST https://www.googleapis.com/oauth2/v3/token  

[debug] [2018-09-11T17:53:57.603Z] <<< HTTP RESPONSE 200
[debug] [2018-09-11T17:53:57.728Z] >>> HTTP REQUEST GET https://admin.firebase.com/v1/projects  
 
[debug] [2018-09-11T17:53:58.654Z] <<< HTTP RESPONSE 200
[info] 
=== Hosting Setup
[info] 
[info] Your public directory is the folder (relative to your project directory) that
[info] will contain Hosting assets to be uploaded with firebase deploy. If you
[info] have a build process for your assets, use your build's output directory.
[info] 
[info] +  Wrote .//404.html
[debug] [2018-09-11T17:55:07.191Z] >>> HTTP REQUEST GET https://www.gstatic.com/firebasejs/releases.json  
 
[debug] [2018-09-11T17:55:07.937Z] <<< HTTP RESPONSE 200
